<?xml version="1.0" encoding="UTF-8"?>
<!-- Generated by org.testng.reporters.JUnitXMLReporter -->
<testsuite hostname="DESKTOP-TNQJ0UM" name="Command line test" tests="8" failures="0" timestamp="22 May 2016 19:07:12 GMT" time="169.524" errors="0">
  <testcase name="followTw" time="13.459" classname="bstu.AppTest"/>
  <testcase name="jackDorseyTw" time="16.956" classname="bstu.AppTest"/>
  <testcase name="likeTw" time="9.516" classname="bstu.AppTest"/>
  <testcase name="logInTw" time="12.74" classname="bstu.AppTest"/>
  <testcase name="logOutTw" time="17.779" classname="bstu.AppTest"/>
  <testcase name="retweetTw" time="13.699" classname="bstu.AppTest"/>
  <testcase name="searchTw" time="25.066" classname="bstu.AppTest"/>
  <testcase name="tweetTw" time="16.444" classname="bstu.AppTest"/>
</testsuite> <!-- Command line test -->
